[debug] [2021-01-04T16:14:28.011Z] ----------------------------------------------------------------------
[debug] [2021-01-04T16:14:28.014Z] Command:       C:\Program Files\nodejs\node.exe C:\Users\sahar\AppData\Roaming\npm\node_modules\firebase-tools\lib\bin\firebase.js init
[debug] [2021-01-04T16:14:28.014Z] CLI Version:   9.1.0
[debug] [2021-01-04T16:14:28.014Z] Platform:      win32
[debug] [2021-01-04T16:14:28.014Z] Node Version:  v14.15.0
[debug] [2021-01-04T16:14:28.016Z] Time:          Mon Jan 04 2021 21:44:28 GMT+0530 (India Standard Time)
[debug] [2021-01-04T16:14:28.016Z] ----------------------------------------------------------------------
[debug] [2021-01-04T16:14:28.016Z] 
[debug] [2021-01-04T16:14:28.021Z] > command requires scopes: ["email","openid","https://www.googleapis.com/auth/cloudplatformprojects.readonly","https://www.googleapis.com/auth/firebase","https://www.googleapis.com/auth/cloud-platform"]
[debug] [2021-01-04T16:14:28.022Z] > authorizing via signed-in user
[info] 
     ######## #### ########  ######## ########     ###     ######  ########
     ##        ##  ##     ## ##       ##     ##  ##   ##  ##       ##
     ######    ##  ########  ######   ########  #########  ######  ######
     ##        ##  ##    ##  ##       ##     ## ##     ##       ## ##
     ##       #### ##     ## ######## ########  ##     ##  ######  ########

You're about to initialize a Firebase project in this directory:

  D:\AdonInternet Projects\e-commerce

[info] 
=== Project Setup
[info] 
[info] First, let's associate this project directory with a Firebase project.
[info] You can create multiple project aliases by running firebase use --add, 
[info] but for now we'll just set up a default project.
[info] 
[debug] [2021-01-04T16:16:28.586Z] >>> HTTP REQUEST GET https://firebase.googleapis.com/v1beta1/projects?pageSize=100  
 
[debug] [2021-01-04T16:16:29.279Z] <<< HTTP RESPONSE 200 {"content-type":"application/json; charset=UTF-8","vary":"X-Origin, Referer, Origin,Accept-Encoding","date":"Mon, 04 Jan 2021 16:16:28 GMT","server":"ESF","cache-control":"private","x-xss-protection":"0","x-frame-options":"SAMEORIGIN","x-content-type-options":"nosniff","alt-svc":"h3-29=\":443\"; ma=2592000,h3-T051=\":443\"; ma=2592000,h3-Q050=\":443\"; ma=2592000,h3-Q046=\":443\"; ma=2592000,h3-Q043=\":443\"; ma=2592000,quic=\":443\"; ma=2592000; v=\"46,43\"","accept-ranges":"none","transfer-encoding":"chunked"}
[info] i  Using project e-commerce-6d03b (e-commerce) 
[info] 
=== Hosting Setup
[info] 
[info] Your public directory is the folder (relative to your project directory) that
[info] will contain Hosting assets to be uploaded with firebase deploy. If you
[info] have a build process for your assets, use your build's output directory.
[info] 
[debug] [2021-01-04T16:18:45.458Z] >>> [apiv2][query] GET https://www.gstatic.com/firebasejs/releases.json [none]
[debug] [2021-01-04T16:18:45.903Z] <<< [apiv2][status] GET https://www.gstatic.com/firebasejs/releases.json 200
[debug] [2021-01-04T16:18:45.903Z] <<< [apiv2][body] GET https://www.gstatic.com/firebasejs/releases.json {"current":{"version":"8.2.1","browserURL":"https://www.gstatic.com/firebasejs/8.2.1/firebase.js","packageURL":"https://www.gstatic.com/firebasejs/8.2.1/firebase.tgz"},"live":{"version":"8.2","browserURL":"https://www.gstatic.com/firebasejs/live/8.2/firebase.js","packageURL":"https://www.gstatic.com/firebasejs/live/8.2/firebase.tgz"},"components":{"analytics":"https://www.gstatic.com/firebasejs/8.2.1/firebase-analytics.js","app":"https://www.gstatic.com/firebasejs/8.2.1/firebase-app.js","auth":"https://www.gstatic.com/firebasejs/8.2.1/firebase-auth.js","database":"https://www.gstatic.com/firebasejs/8.2.1/firebase-database.js","firestore":"https://www.gstatic.com/firebasejs/8.2.1/firebase-firestore.js","functions":"https://www.gstatic.com/firebasejs/8.2.1/firebase-functions.js","installations":"https://www.gstatic.com/firebasejs/8.2.1/firebase-installations.js","messaging":"https://www.gstatic.com/firebasejs/8.2.1/firebase-messaging.js","storage":"https://www.gstatic.com/firebasejs/8.2.1/firebase-storage.js","performance":"https://www.gstatic.com/firebasejs/8.2.1/firebase-performance.js","remote-config":"https://www.gstatic.com/firebasejs/8.2.1/firebase-remote-config.js","firestore.memory":"https://www.gstatic.com/firebasejs/8.2.1/firebase-firestore.memory.js"}}
[info] +  Wrote public/index.html 
[info] 
[info] i  Detected a .git folder at D:\AdonInternet Projects\e-commerce 
[info] i  Authorizing with GitHub to upload your service account to a GitHub repository's secrets store. 
[info] 
[info] Visit this URL on this device to log in:
[info] https://github.com/login/oauth/authorize?client_id=89cf50f02ac6aaed3484&state=970082926&redirect_uri=http%3A%2F%2Flocalhost%3A9005&scope=read%3Auser%20repo%20public_repo
[info] 
[info] Waiting for authentication...
[debug] [2021-01-04T16:18:51.615Z] >>> HTTP REQUEST POST https://github.com/login/oauth/access_token  
 {"client_id":"89cf50f02ac6aaed3484","client_secret":"3330d14abc895d9a74d5f17cd7a00711fa2c5bf0","code":"fae0c0bd75edc5292ae1","redirect_uri":"http://localhost:9005","state":"970082926"}
[debug] [2021-01-04T16:18:52.226Z] <<< HTTP RESPONSE 200 {"date":"Mon, 04 Jan 2021 16:18:51 GMT","content-type":"application/json; charset=utf-8","transfer-encoding":"chunked","server":"GitHub.com","status":"200 OK","vary":"X-PJAX, Accept-Encoding, Accept, X-Requested-With, Accept-Encoding","etag":"W/\"6f50a2d322b1ae72354dda48d19ec466\"","cache-control":"max-age=0, private, must-revalidate","strict-transport-security":"max-age=31536000; includeSubdomains; preload","x-frame-options":"deny","x-content-type-options":"nosniff","x-xss-protection":"1; mode=block","referrer-policy":"origin-when-cross-origin, strict-origin-when-cross-origin","expect-ct":"max-age=2592000, report-uri=\"https://api.github.com/_private/browser/errors\"","content-security-policy":"default-src 'none'; base-uri 'self'; block-all-mixed-content; connect-src 'self' uploads.github.com www.githubstatus.com collector.githubapp.com api.github.com github-cloud.s3.amazonaws.com github-production-repository-file-5c1aeb.s3.amazonaws.com github-production-upload-manifest-file-7fdce7.s3.amazonaws.com github-production-user-asset-6210df.s3.amazonaws.com cdn.optimizely.com logx.optimizely.com/v1/events wss://alive.github.com; font-src github.githubassets.com; form-action 'self' github.com gist.github.com; frame-ancestors 'none'; frame-src render.githubusercontent.com; img-src 'self' data: github.githubassets.com identicons.github.com collector.githubapp.com github-cloud.s3.amazonaws.com *.githubusercontent.com; manifest-src 'self'; media-src 'none'; script-src github.githubassets.com; style-src 'unsafe-inline' github.githubassets.com; worker-src github.com/socket-worker-5029ae85.js gist.github.com/socket-worker-5029ae85.js","x-github-request-id":"D8F0:4FCA:C18C4C:F58EE2:5FF33FEB"}
[debug] [2021-01-04T16:18:52.227Z] >>> [apiv2][query] GET https://api.github.com/user [none]
[debug] [2021-01-04T16:18:52.698Z] <<< [apiv2][status] GET https://api.github.com/user 200
[debug] [2021-01-04T16:18:52.698Z] <<< [apiv2][body] GET https://api.github.com/user {"login":"suhailprojectsonly","id":73848272,"node_id":"MDQ6VXNlcjczODQ4Mjcy","avatar_url":"https://avatars2.githubusercontent.com/u/73848272?v=4","gravatar_id":"","url":"https://api.github.com/users/suhailprojectsonly","html_url":"https://github.com/suhailprojectsonly","followers_url":"https://api.github.com/users/suhailprojectsonly/followers","following_url":"https://api.github.com/users/suhailprojectsonly/following{/other_user}","gists_url":"https://api.github.com/users/suhailprojectsonly/gists{/gist_id}","starred_url":"https://api.github.com/users/suhailprojectsonly/starred{/owner}{/repo}","subscriptions_url":"https://api.github.com/users/suhailprojectsonly/subscriptions","organizations_url":"https://api.github.com/users/suhailprojectsonly/orgs","repos_url":"https://api.github.com/users/suhailprojectsonly/repos","events_url":"https://api.github.com/users/suhailprojectsonly/events{/privacy}","received_events_url":"https://api.github.com/users/suhailprojectsonly/received_events","type":"User","site_admin":false,"name":null,"company":null,"blog":"","location":null,"email":null,"hireable":null,"bio":null,"twitter_username":null,"public_repos":6,"public_gists":0,"followers":0,"following":0,"created_at":"2020-11-02T18:01:44Z","updated_at":"2021-01-04T15:59:14Z","private_gists":0,"total_private_repos":0,"owned_private_repos":0,"disk_usage":8526,"collaborators":0,"two_factor_authentication":false,"plan":{"name":"free","space":976562499,"collaborators":0,"private_repos":10000}}
[info] 
[info] +  Success! Logged into GitHub as suhailprojectsonly 
[info] 
[debug] [2021-01-04T16:19:12.754Z] >>> [apiv2][query] GET https://api.github.com/repos//actions/secrets/public-key type=owner
[debug] [2021-01-04T16:19:13.361Z] >>> [apiv2][query] GET https://api.github.com/repos//actions/secrets/public-key type=owner
[debug] [2021-01-04T16:19:13.507Z] <<< [apiv2][status] GET https://api.github.com/repos//actions/secrets/public-key 404
[debug] [2021-01-04T16:19:13.508Z] <<< [apiv2][body] GET https://api.github.com/repos//actions/secrets/public-key {"message":"Not Found","documentation_url":"https://docs.github.com/rest"}
[debug] [2021-01-04T16:19:13.769Z] <<< [apiv2][status] GET https://api.github.com/repos//actions/secrets/public-key 404
[debug] [2021-01-04T16:19:13.769Z] <<< [apiv2][body] GET https://api.github.com/repos//actions/secrets/public-key {"message":"Not Found","documentation_url":"https://docs.github.com/rest"}
[debug] [2021-01-04T16:19:14.594Z] >>> [apiv2][query] GET https://api.github.com/repos/s/actions/secrets/public-key type=owner
[debug] [2021-01-04T16:19:15.691Z] <<< [apiv2][status] GET https://api.github.com/repos/s/actions/secrets/public-key 404
[debug] [2021-01-04T16:19:15.691Z] <<< [apiv2][body] GET https://api.github.com/repos/s/actions/secrets/public-key {"message":"Not Found","documentation_url":"https://docs.github.com/rest"}
[debug] [2021-01-04T16:19:29.617Z] >>> [apiv2][query] GET https://api.github.com/repos/suhail/e-commerce/actions/secrets/public-key type=owner
[debug] [2021-01-04T16:19:30.019Z] <<< [apiv2][status] GET https://api.github.com/repos/suhail/e-commerce/actions/secrets/public-key 404
[debug] [2021-01-04T16:19:30.020Z] <<< [apiv2][body] GET https://api.github.com/repos/suhail/e-commerce/actions/secrets/public-key {"message":"Not Found","documentation_url":"https://docs.github.com/rest/reference/actions#get-a-repository-public-key"}
